<?xml version='1.0'?>
<ns2:test-suite xmlns:ns2='urn:model.allure.qatools.yandex.ru' start='1654682377813' stop='1654682383398'>
    <name>This feature will make sure that the shop page is navigable and usable.</name>
    <title>This feature will make sure that the shop page is navigable and usable.</title>
    <test-cases>
        <test-case start='1654682377829' status='broken' stop='1654682380983'>
            <name>User navigates to shop page</name>
            <title>User navigates to shop page</title>
            <labels>
                <label name='language' value='javascript'/>
                <label name='framework' value='wdio'/>
                <label name='thread' value='0-0'/>
            </labels>
            <parameters>
                <parameter kind='argument' name='browser' value='chrome-102.0.5005.61'/>
            </parameters>
            <steps>
                <step start='1654682377832' status='passed' stop='1654682380675'>
                    <name>Given I am on the deals page</name>
                    <title>Given I am on the deals page</title>
                    <attachments/>
                    <steps/>
                </step>
                <step start='1654682380675' status='broken' stop='1654682380983'>
                    <name>When I agree cookies</name>
                    <title>When I agree cookies</title>
                    <attachments>
                        <attachment title='Screenshot' source='2d8bc4d2-5b10-4795-b1e9-9b559a6d0ccc-attachment.png' type='image/png' size='327819'/>
                    </attachments>
                    <steps/>
                </step>
                <step start='1654682380983' status='canceled' stop='1654682380983'>
                    <name>Then I should see heading "Sky Deals"</name>
                    <title>Then I should see heading "Sky Deals"</title>
                    <attachments/>
                    <steps/>
                </step>
            </steps>
            <attachments/>
            <failure>
                <message>TypeError: browser.frame is not a function</message>
                <stack-trace>TypeError: browser.frame is not a function
                    at HomePage.acceptCookie (/Users/dilipkumarrajendran/Documents/cog/features/pageobjects/home.page.js:36:19)
                    at processTicksAndRejections (node:internal/process/task_queues:94:5)
                    at World.&lt;anonymous> (/Users/dilipkumarrajendran/Documents/cog/features/step-definitions/steps.js:19:3)</stack-trace>
            </failure>
        </test-case>
        <test-case start='1654682380985' status='broken' stop='1654682383397'>
            <name>User sees tiles on the shop page</name>
            <title>User sees tiles on the shop page</title>
            <labels>
                <label name='language' value='javascript'/>
                <label name='framework' value='wdio'/>
                <label name='thread' value='0-0'/>
            </labels>
            <parameters>
                <parameter kind='argument' name='browser' value='chrome-102.0.5005.61'/>
            </parameters>
            <steps>
                <step start='1654682380985' status='passed' stop='1654682382957'>
                    <name>Given I am on the home page</name>
                    <title>Given I am on the home page</title>
                    <attachments/>
                    <steps/>
                </step>
                <step start='1654682382957' status='broken' stop='1654682383397'>
                    <name>When I agree cookies</name>
                    <title>When I agree cookies</title>
                    <attachments>
                        <attachment title='Screenshot' source='2535f41d-39b9-4806-8567-f7e7cf02db2d-attachment.png' type='image/png' size='340597'/>
                    </attachments>
                    <steps/>
                </step>
                <step start='1654682383397' status='canceled' stop='1654682383397'>
                    <name>When I try to sign in with invalid credentials</name>
                    <title>When I try to sign in with invalid credentials</title>
                    <attachments/>
                    <steps/>
                </step>
                <step start='1654682383397' status='canceled' stop='1654682383397'>
                    <name>Then I should see a box with the text "Create your My Sky password"</name>
                    <title>Then I should see a box with the text "Create your My Sky password"</title>
                    <attachments/>
                    <steps/>
                </step>
            </steps>
            <attachments/>
            <failure>
                <message>TypeError: browser.frame is not a function</message>
                <stack-trace>TypeError: browser.frame is not a function
                    at HomePage.acceptCookie (/Users/dilipkumarrajendran/Documents/cog/features/pageobjects/home.page.js:36:19)
                    at processTicksAndRejections (node:internal/process/task_queues:94:5)
                    at World.&lt;anonymous> (/Users/dilipkumarrajendran/Documents/cog/features/step-definitions/steps.js:19:3)</stack-trace>
            </failure>
        </test-case>
    </test-cases>
</ns2:test-suite>