<?xml version='1.0'?>
<ns2:test-suite xmlns:ns2='urn:model.allure.qatools.yandex.ru' start='1654681678868' stop='1654681700819'>
    <name>This feature will make sure that the shop page is navigable and usable.</name>
    <title>This feature will make sure that the shop page is navigable and usable.</title>
    <test-cases>
        <test-case start='1654681678884' status='broken' stop='1654681693815'>
            <name>User navigates to shop page</name>
            <title>User navigates to shop page</title>
            <labels>
                <label name='language' value='javascript'/>
                <label name='framework' value='wdio'/>
                <label name='thread' value='0-0'/>
            </labels>
            <parameters>
                <parameter kind='argument' name='browser' value='chrome-102.0.5005.61'/>
            </parameters>
            <steps>
                <step start='1654681678886' status='passed' stop='1654681681383'>
                    <name>Given I am on the deals page</name>
                    <title>Given I am on the deals page</title>
                    <attachments/>
                    <steps/>
                </step>
                <step start='1654681681383' status='broken' stop='1654681693814'>
                    <name>When I agree cookies</name>
                    <title>When I agree cookies</title>
                    <attachments>
                        <attachment title='Screenshot' source='abffe7b9-4182-4bc7-9027-5fe4481d894e-attachment.png' type='image/png' size='327819'/>
                    </attachments>
                    <steps/>
                </step>
                <step start='1654681693815' status='canceled' stop='1654681693815'>
                    <name>Then I should see heading "Sky Deals"</name>
                    <title>Then I should see heading "Sky Deals"</title>
                    <attachments/>
                    <steps/>
                </step>
            </steps>
            <attachments/>
            <failure>
                <message>Error: Can't call click on element with selector "//button[@title="Agree"]" because element wasn't found</message>
                <stack-trace>Error: Can't call click on element with selector "//button[@title="Agree"]" because element wasn't found
                    at HomePage.acceptCookie (/Users/dilipkumarrajendran/Documents/cog/features/pageobjects/home.page.js:35:11)
                    at World.&lt;anonymous> (/Users/dilipkumarrajendran/Documents/cog/features/step-definitions/steps.js:19:3)</stack-trace>
            </failure>
        </test-case>
        <test-case start='1654681693816' status='broken' stop='1654681700817'>
            <name>User sees tiles on the shop page</name>
            <title>User sees tiles on the shop page</title>
            <labels>
                <label name='language' value='javascript'/>
                <label name='framework' value='wdio'/>
                <label name='thread' value='0-0'/>
            </labels>
            <parameters>
                <parameter kind='argument' name='browser' value='chrome-102.0.5005.61'/>
            </parameters>
            <steps>
                <step start='1654681693816' status='passed' stop='1654681695941'>
                    <name>Given I am on the home page</name>
                    <title>Given I am on the home page</title>
                    <attachments/>
                    <steps/>
                </step>
                <step start='1654681695942' status='broken' stop='1654681700817'>
                    <name>When I try to sign in with invalid credentials</name>
                    <title>When I try to sign in with invalid credentials</title>
                    <attachments>
                        <attachment title='Screenshot' source='d8e3ad05-ae6e-4735-98a8-1debde5a3786-attachment.png' type='image/png' size='412963'/>
                    </attachments>
                    <steps/>
                </step>
                <step start='1654681700817' status='canceled' stop='1654681700817'>
                    <name>Then I should see a box with the text "Create your My Sky password"</name>
                    <title>Then I should see a box with the text "Create your My Sky password"</title>
                    <attachments/>
                    <steps/>
                </step>
            </steps>
            <attachments/>
            <failure>
                <message>element click intercepted: element click intercepted: Element &lt;a class="tab-focus sign-in-link" data-test-id="sign-in-link" data-tracking-label="masthead_signin" href="https://www.sky.com/signin?successUrl=https%3A%2F%2Fwww.sky.com%2F&amp;amp;cancelUrl=https%3A%2F%2Fwww.sky.com%2F">...&lt;/a> is not clickable at point (1146, 25). Other element would receive the click: &lt;iframe src="https://cdn.privacy-mgmt.com/index.html?message_id=474555&amp;amp;consentUUID=8ad9b025-5ef9-46b6-b9a9-8bca5f662709&amp;amp;requestUUID=794736e0-4ccf-4ba0-8df1-bcc6b80be8ba&amp;amp;preload_message=true&amp;amp;consentLanguage=en" id="sp_message_iframe_474555" title="SP Consent Message">&lt;/iframe></message>
                <stack-trace>element click intercepted: element click intercepted: Element &lt;a class="tab-focus sign-in-link" data-test-id="sign-in-link" data-tracking-label="masthead_signin" href="https://www.sky.com/signin?successUrl=https%3A%2F%2Fwww.sky.com%2F&amp;amp;cancelUrl=https%3A%2F%2Fwww.sky.com%2F">...&lt;/a> is not clickable at point (1146, 25). Other element would receive the click: &lt;iframe src="https://cdn.privacy-mgmt.com/index.html?message_id=474555&amp;amp;consentUUID=8ad9b025-5ef9-46b6-b9a9-8bca5f662709&amp;amp;requestUUID=794736e0-4ccf-4ba0-8df1-bcc6b80be8ba&amp;amp;preload_message=true&amp;amp;consentLanguage=en" id="sp_message_iframe_474555" title="SP Consent Message">&lt;/iframe>
                  (Session info: chrome=102.0.5005.61)
                    at processTicksAndRejections (node:internal/process/task_queues:94:5)</stack-trace>
            </failure>
        </test-case>
    </test-cases>
</ns2:test-suite>