<?xml version='1.0'?>
<ns2:test-suite xmlns:ns2='urn:model.allure.qatools.yandex.ru' start='1654682999475' stop='1654683007290'>
    <name>This feature will make sure that the shop page is navigable and usable.</name>
    <title>This feature will make sure that the shop page is navigable and usable.</title>
    <test-cases>
        <test-case start='1654682999490' status='broken' stop='1654683004482'>
            <name>User navigates to shop page</name>
            <title>User navigates to shop page</title>
            <labels>
                <label name='language' value='javascript'/>
                <label name='framework' value='wdio'/>
                <label name='thread' value='0-0'/>
            </labels>
            <parameters>
                <parameter kind='argument' name='browser' value='chrome-102.0.5005.61'/>
            </parameters>
            <steps>
                <step start='1654682999492' status='passed' stop='1654683003561'>
                    <name>Given I am on the deals page</name>
                    <title>Given I am on the deals page</title>
                    <attachments/>
                    <steps/>
                </step>
                <step start='1654683003561' status='broken' stop='1654683004482'>
                    <name>When I agree cookies</name>
                    <title>When I agree cookies</title>
                    <attachments>
                        <attachment title='Screenshot' source='c2576b65-bc1b-4b71-9dc3-2514af90a770-attachment.png' type='image/png' size='327453'/>
                    </attachments>
                    <steps/>
                </step>
                <step start='1654683004482' status='canceled' stop='1654683004483'>
                    <name>Then I should see heading "Sky Deals"</name>
                    <title>Then I should see heading "Sky Deals"</title>
                    <attachments/>
                    <steps/>
                </step>
            </steps>
            <attachments/>
            <failure>
                <message>TypeError: Cannot convert object to primitive value</message>
                <stack-trace>TypeError: Cannot convert object to primitive value
                    at HomePage.acceptCookie (/Users/dilipkumarrajendran/Documents/cog/features/pageobjects/home.page.js:36:17)
                    at World.&lt;anonymous> (/Users/dilipkumarrajendran/Documents/cog/features/step-definitions/steps.js:19:18)
                    at processTicksAndRejections (node:internal/process/task_queues:94:5)
                    at wrapPromiseWithTimeout (/Users/dilipkumarrajendran/Documents/cog/node_modules/@cucumber/cucumber/src/time.ts:56:10)
                    at Object.run (/Users/dilipkumarrajendran/Documents/cog/node_modules/@cucumber/cucumber/src/user_code_runner.ts:86:16)
                    at Object.run (/Users/dilipkumarrajendran/Documents/cog/node_modules/@cucumber/cucumber/src/runtime/step_runner.ts:50:20)
                    at TestCaseRunner.invokeStep (/Users/dilipkumarrajendran/Documents/cog/node_modules/@cucumber/cucumber/src/runtime/test_case_runner.ts:130:12)
                    at TestCaseRunner.runStep (/Users/dilipkumarrajendran/Documents/cog/node_modules/@cucumber/cucumber/src/runtime/test_case_runner.ts:307:20)</stack-trace>
            </failure>
        </test-case>
        <test-case start='1654683004485' status='broken' stop='1654683007288'>
            <name>User sees tiles on the shop page</name>
            <title>User sees tiles on the shop page</title>
            <labels>
                <label name='language' value='javascript'/>
                <label name='framework' value='wdio'/>
                <label name='thread' value='0-0'/>
            </labels>
            <parameters>
                <parameter kind='argument' name='browser' value='chrome-102.0.5005.61'/>
            </parameters>
            <steps>
                <step start='1654683004485' status='passed' stop='1654683006945'>
                    <name>Given I am on the home page</name>
                    <title>Given I am on the home page</title>
                    <attachments/>
                    <steps/>
                </step>
                <step start='1654683006945' status='broken' stop='1654683007288'>
                    <name>When I agree cookies</name>
                    <title>When I agree cookies</title>
                    <attachments>
                        <attachment title='Screenshot' source='eb870d05-02bd-42d8-a675-6a9958484ded-attachment.png' type='image/png' size='346748'/>
                    </attachments>
                    <steps/>
                </step>
                <step start='1654683007289' status='canceled' stop='1654683007289'>
                    <name>When I try to sign in with invalid credentials</name>
                    <title>When I try to sign in with invalid credentials</title>
                    <attachments/>
                    <steps/>
                </step>
                <step start='1654683007289' status='canceled' stop='1654683007289'>
                    <name>Then I should see a box with the text "Create your My Sky password"</name>
                    <title>Then I should see a box with the text "Create your My Sky password"</title>
                    <attachments/>
                    <steps/>
                </step>
            </steps>
            <attachments/>
            <failure>
                <message>TypeError: Cannot convert object to primitive value</message>
                <stack-trace>TypeError: Cannot convert object to primitive value
                    at HomePage.acceptCookie (/Users/dilipkumarrajendran/Documents/cog/features/pageobjects/home.page.js:36:17)
                    at World.&lt;anonymous> (/Users/dilipkumarrajendran/Documents/cog/features/step-definitions/steps.js:19:18)
                    at processTicksAndRejections (node:internal/process/task_queues:94:5)
                    at wrapPromiseWithTimeout (/Users/dilipkumarrajendran/Documents/cog/node_modules/@cucumber/cucumber/src/time.ts:56:10)
                    at Object.run (/Users/dilipkumarrajendran/Documents/cog/node_modules/@cucumber/cucumber/src/user_code_runner.ts:86:16)
                    at Object.run (/Users/dilipkumarrajendran/Documents/cog/node_modules/@cucumber/cucumber/src/runtime/step_runner.ts:50:20)
                    at TestCaseRunner.invokeStep (/Users/dilipkumarrajendran/Documents/cog/node_modules/@cucumber/cucumber/src/runtime/test_case_runner.ts:130:12)
                    at TestCaseRunner.runStep (/Users/dilipkumarrajendran/Documents/cog/node_modules/@cucumber/cucumber/src/runtime/test_case_runner.ts:307:20)</stack-trace>
            </failure>
        </test-case>
    </test-cases>
</ns2:test-suite>