<?xml version='1.0'?>
<ns2:test-suite xmlns:ns2='urn:model.allure.qatools.yandex.ru' start='1654681429738' stop='1654681461216'>
    <name>This feature will make sure that the shop page is navigable and usable.</name>
    <title>This feature will make sure that the shop page is navigable and usable.</title>
    <test-cases>
        <test-case start='1654681429757' status='broken' stop='1654681438676'>
            <name>User navigates to shop page</name>
            <title>User navigates to shop page</title>
            <labels>
                <label name='language' value='javascript'/>
                <label name='framework' value='wdio'/>
                <label name='thread' value='0-0'/>
            </labels>
            <parameters>
                <parameter kind='argument' name='browser' value='chrome-102.0.5005.61'/>
            </parameters>
            <steps>
                <step start='1654681429759' status='passed' stop='1654681432259'>
                    <name>Given I am on the deals page</name>
                    <title>Given I am on the deals page</title>
                    <attachments/>
                    <steps/>
                </step>
                <step start='1654681432259' status='broken' stop='1654681438676'>
                    <name>When I agree cookies</name>
                    <title>When I agree cookies</title>
                    <attachments>
                        <attachment title='Screenshot' source='4899902c-7af7-4fb9-b24e-8522d7332cee-attachment.png' type='image/png' size='309420'/>
                    </attachments>
                    <steps/>
                </step>
                <step start='1654681438676' status='canceled' stop='1654681438676'>
                    <name>Then I should see heading "Sky Deals"</name>
                    <title>Then I should see heading "Sky Deals"</title>
                    <attachments/>
                    <steps/>
                </step>
            </steps>
            <attachments/>
            <failure>
                <message>Error: No window found with title, url or name matching "google.com"</message>
                <stack-trace>Error: No window found with title, url or name matching "google.com"
                    at processTicksAndRejections (node:internal/process/task_queues:94:5)
                    at HomePage.acceptCookie (/Users/dilipkumarrajendran/Documents/cog/features/pageobjects/home.page.js:34:5)
                    at World.&lt;anonymous> (/Users/dilipkumarrajendran/Documents/cog/features/step-definitions/steps.js:19:3)</stack-trace>
            </failure>
        </test-case>
        <test-case start='1654681438678' status='broken' stop='1654681461214'>
            <name>User sees tiles on the shop page</name>
            <title>User sees tiles on the shop page</title>
            <labels>
                <label name='language' value='javascript'/>
                <label name='framework' value='wdio'/>
                <label name='thread' value='0-0'/>
            </labels>
            <parameters>
                <parameter kind='argument' name='browser' value='chrome-102.0.5005.61'/>
            </parameters>
            <steps>
                <step start='1654681438679' status='passed' stop='1654681441280'>
                    <name>Given I am on the home page</name>
                    <title>Given I am on the home page</title>
                    <attachments/>
                    <steps/>
                </step>
                <step start='1654681441280' status='broken' stop='1654681461214'>
                    <name>When I try to sign in with invalid credentials</name>
                    <title>When I try to sign in with invalid credentials</title>
                    <attachments>
                        <attachment title='Screenshot' source='38c282af-5231-4585-82e1-830c42124123-attachment.png' type='image/png' size='876181'/>
                    </attachments>
                    <steps/>
                </step>
                <step start='1654681461214' status='canceled' stop='1654681461214'>
                    <name>Then I should see a box with the text "Create your My Sky password"</name>
                    <title>Then I should see a box with the text "Create your My Sky password"</title>
                    <attachments/>
                    <steps/>
                </step>
            </steps>
            <attachments/>
            <failure>
                <message>Error: Can't call click on element with selector "button[data-test-id="AUTHN__SUBMIT_BTN"]" because element wasn't found</message>
                <stack-trace>Error: Can't call click on element with selector "button[data-test-id="AUTHN__SUBMIT_BTN"]" because element wasn't found
                    at LoginPage.login (/Users/dilipkumarrajendran/Documents/cog/features/pageobjects/login.page.js:56:5)
                    at World.&lt;anonymous> (/Users/dilipkumarrajendran/Documents/cog/features/step-definitions/steps.js:23:3)</stack-trace>
            </failure>
        </test-case>
    </test-cases>
</ns2:test-suite>