<?xml version='1.0'?>
<ns2:test-suite xmlns:ns2='urn:model.allure.qatools.yandex.ru' start='1654681811724' stop='1654681856627'>
    <name>This feature will make sure that the shop page is navigable and usable.</name>
    <title>This feature will make sure that the shop page is navigable and usable.</title>
    <test-cases>
        <test-case start='1654681811738' status='broken' stop='1654681849739'>
            <name>User navigates to shop page</name>
            <title>User navigates to shop page</title>
            <labels>
                <label name='language' value='javascript'/>
                <label name='framework' value='wdio'/>
                <label name='thread' value='0-0'/>
            </labels>
            <parameters>
                <parameter kind='argument' name='browser' value='chrome-102.0.5005.61'/>
            </parameters>
            <steps>
                <step start='1654681811741' status='passed' stop='1654681814239'>
                    <name>Given I am on the deals page</name>
                    <title>Given I am on the deals page</title>
                    <attachments/>
                    <steps/>
                </step>
                <step start='1654681814239' status='broken' stop='1654681849739'>
                    <name>When I agree cookies</name>
                    <title>When I agree cookies</title>
                    <attachments>
                        <attachment title='Screenshot' source='8cd17f17-c617-423b-8c0b-f1d555054411-attachment.png' type='image/png' size='327819'/>
                    </attachments>
                    <steps/>
                </step>
                <step start='1654681849739' status='canceled' stop='1654681849739'>
                    <name>Then I should see heading "Sky Deals"</name>
                    <title>Then I should see heading "Sky Deals"</title>
                    <attachments/>
                    <steps/>
                </step>
            </steps>
            <attachments/>
            <failure>
                <message>Error: Can't call click on element with selector "button[title="Agree"]" because element wasn't found</message>
                <stack-trace>Error: Can't call click on element with selector "button[title="Agree"]" because element wasn't found
                    at HomePage.acceptCookie (/Users/dilipkumarrajendran/Documents/cog/features/pageobjects/home.page.js:35:11)
                    at World.&lt;anonymous> (/Users/dilipkumarrajendran/Documents/cog/features/step-definitions/steps.js:19:3)</stack-trace>
            </failure>
        </test-case>
        <test-case start='1654681849741' status='broken' stop='1654681856626'>
            <name>User sees tiles on the shop page</name>
            <title>User sees tiles on the shop page</title>
            <labels>
                <label name='language' value='javascript'/>
                <label name='framework' value='wdio'/>
                <label name='thread' value='0-0'/>
            </labels>
            <parameters>
                <parameter kind='argument' name='browser' value='chrome-102.0.5005.61'/>
            </parameters>
            <steps>
                <step start='1654681849741' status='passed' stop='1654681851959'>
                    <name>Given I am on the home page</name>
                    <title>Given I am on the home page</title>
                    <attachments/>
                    <steps/>
                </step>
                <step start='1654681851959' status='broken' stop='1654681856626'>
                    <name>When I try to sign in with invalid credentials</name>
                    <title>When I try to sign in with invalid credentials</title>
                    <attachments>
                        <attachment title='Screenshot' source='31a75490-58c9-4b7a-bff6-62a7a91950a3-attachment.png' type='image/png' size='403555'/>
                    </attachments>
                    <steps/>
                </step>
                <step start='1654681856626' status='canceled' stop='1654681856626'>
                    <name>Then I should see a box with the text "Create your My Sky password"</name>
                    <title>Then I should see a box with the text "Create your My Sky password"</title>
                    <attachments/>
                    <steps/>
                </step>
            </steps>
            <attachments/>
            <failure>
                <message>element click intercepted: element click intercepted: Element &lt;a class="tab-focus sign-in-link" data-test-id="sign-in-link" data-tracking-label="masthead_signin" href="https://www.sky.com/signin?successUrl=https%3A%2F%2Fwww.sky.com%2F&amp;amp;cancelUrl=https%3A%2F%2Fwww.sky.com%2F">...&lt;/a> is not clickable at point (1146, 25). Other element would receive the click: &lt;iframe src="https://cdn.privacy-mgmt.com/index.html?message_id=474555&amp;amp;consentUUID=3dd9d65f-5fa3-4ca6-8b7b-4664539ef455&amp;amp;requestUUID=60b56741-e6cf-4f7d-a17f-b9ace4abe023&amp;amp;preload_message=true&amp;amp;consentLanguage=en" id="sp_message_iframe_474555" title="SP Consent Message">&lt;/iframe></message>
                <stack-trace>element click intercepted: element click intercepted: Element &lt;a class="tab-focus sign-in-link" data-test-id="sign-in-link" data-tracking-label="masthead_signin" href="https://www.sky.com/signin?successUrl=https%3A%2F%2Fwww.sky.com%2F&amp;amp;cancelUrl=https%3A%2F%2Fwww.sky.com%2F">...&lt;/a> is not clickable at point (1146, 25). Other element would receive the click: &lt;iframe src="https://cdn.privacy-mgmt.com/index.html?message_id=474555&amp;amp;consentUUID=3dd9d65f-5fa3-4ca6-8b7b-4664539ef455&amp;amp;requestUUID=60b56741-e6cf-4f7d-a17f-b9ace4abe023&amp;amp;preload_message=true&amp;amp;consentLanguage=en" id="sp_message_iframe_474555" title="SP Consent Message">&lt;/iframe>
                  (Session info: chrome=102.0.5005.61)
                    at processTicksAndRejections (node:internal/process/task_queues:94:5)</stack-trace>
            </failure>
        </test-case>
    </test-cases>
</ns2:test-suite>